[0.113s] DEBUG:colcon:Command line arguments: ['/usr/bin/colcon', 'build', '--symlink-install']
[0.113s] DEBUG:colcon:Parsed command line arguments: Namespace(log_base=None, log_level=None, verb_name='build', build_base='build', install_base='install', merge_install=False, symlink_install=True, test_result_base=None, continue_on_error=False, executor='parallel', parallel_workers=8, event_handlers=None, ignore_user_meta=False, metas=['./colcon.meta'], base_paths=['.'], packages_ignore=None, packages_ignore_regex=None, paths=None, packages_up_to=None, packages_up_to_regex=None, packages_above=None, packages_above_and_dependencies=None, packages_above_depth=None, packages_select_by_dep=None, packages_skip_by_dep=None, packages_skip_up_to=None, packages_select_build_failed=False, packages_skip_build_finished=False, packages_select_test_failures=False, packages_skip_test_passed=False, packages_select=None, packages_skip=None, packages_select_regex=None, packages_skip_regex=None, packages_start=None, packages_end=None, allow_overriding=[], cmake_args=['-DCMAKE_EXPORT_COMPILE_COMMANDS=ON', '-DCMAKE_BUILD_TYPE=RelWithDebInfo'], cmake_target=None, cmake_target_skip_unavailable=False, cmake_clean_cache=False, cmake_clean_first=False, cmake_force_configure=False, ament_cmake_args=None, catkin_cmake_args=None, catkin_skip_building_tests=False, mixin_files=None, mixin=None, verb_parser=<colcon_mixin.mixin.mixin_argument.MixinArgumentDecorator object at 0x779fba9c9ab0>, verb_extension=<colcon_core.verb.build.BuildVerb object at 0x779fba9c9090>, main=<bound method BuildVerb.main of <colcon_core.verb.build.BuildVerb object at 0x779fba9c9090>>, mixin_verb=('build',))
[0.282s] Level 1:colcon.colcon_core.package_discovery:discover_packages(colcon_meta) check parameters
[0.282s] Level 1:colcon.colcon_core.package_discovery:discover_packages(recursive) check parameters
[0.282s] Level 1:colcon.colcon_core.package_discovery:discover_packages(ignore) check parameters
[0.282s] Level 1:colcon.colcon_core.package_discovery:discover_packages(path) check parameters
[0.282s] Level 1:colcon.colcon_core.package_discovery:discover_packages(colcon_meta) discover
[0.282s] Level 1:colcon.colcon_core.package_discovery:discover_packages(recursive) discover
[0.282s] INFO:colcon.colcon_core.package_discovery:Crawling recursively for packages in '/home/aa274/autonomy_ws/section7_template/autonomy_repo'
[0.282s] Level 1:colcon.colcon_core.package_identification:_identify(.) by extensions ['ignore', 'ignore_ament_install']
[0.282s] Level 1:colcon.colcon_core.package_identification:_identify(.) by extension 'ignore'
[0.282s] Level 1:colcon.colcon_core.package_identification:_identify(.) by extension 'ignore_ament_install'
[0.283s] Level 1:colcon.colcon_core.package_identification:_identify(.) by extensions ['colcon_pkg']
[0.283s] Level 1:colcon.colcon_core.package_identification:_identify(.) by extension 'colcon_pkg'
[0.283s] Level 1:colcon.colcon_core.package_identification:_identify(.) by extensions ['colcon_meta']
[0.283s] Level 1:colcon.colcon_core.package_identification:_identify(.) by extension 'colcon_meta'
[0.283s] Level 1:colcon.colcon_core.package_identification:_identify(.) by extensions ['ros']
[0.283s] Level 1:colcon.colcon_core.package_identification:_identify(.) by extension 'ros'
[0.294s] DEBUG:colcon.colcon_core.package_identification:Package '.' with type 'ros.ament_cmake' and name 'autonomy_repo'
[0.294s] Level 1:colcon.colcon_core.package_discovery:discover_packages(recursive) using defaults
[0.294s] Level 1:colcon.colcon_core.package_discovery:discover_packages(ignore) discover
[0.294s] Level 1:colcon.colcon_core.package_discovery:discover_packages(ignore) using defaults
[0.295s] Level 1:colcon.colcon_core.package_discovery:discover_packages(path) discover
[0.295s] Level 1:colcon.colcon_core.package_discovery:discover_packages(path) using defaults
[0.324s] Level 1:colcon.colcon_core.package_discovery:discover_packages(prefix_path) check parameters
[0.324s] Level 1:colcon.colcon_core.package_discovery:discover_packages(prefix_path) discover
[0.325s] WARNING:colcon.colcon_core.prefix_path.colcon:The path '/home/aa274/autonomy_ws/group_1/autonomy_repo/install' in the environment variable COLCON_PREFIX_PATH doesn't exist
[0.325s] WARNING:colcon.colcon_core.prefix_path.colcon:The path '/home/aa274/autonomy_ws/group_1/install' in the environment variable COLCON_PREFIX_PATH doesn't exist
[0.325s] WARNING:colcon.colcon_core.prefix_path.colcon:The path '/home/aa274/autonomy_ws/install' in the environment variable COLCON_PREFIX_PATH doesn't exist
[0.325s] WARNING:colcon.colcon_ros.prefix_path.ament:The path '/home/aa274/autonomy_ws/group_1/autonomy_repo/install/autonomy_repo' in the environment variable AMENT_PREFIX_PATH doesn't exist
[0.325s] WARNING:colcon.colcon_ros.prefix_path.ament:The path '/home/aa274/autonomy_ws/group_1/install/autonomy_repo' in the environment variable AMENT_PREFIX_PATH doesn't exist
[0.325s] WARNING:colcon.colcon_ros.prefix_path.ament:The path '/home/aa274/autonomy_ws/install/s3_basic' in the environment variable AMENT_PREFIX_PATH doesn't exist
[0.325s] WARNING:colcon.colcon_ros.prefix_path.ament:The path '/home/aa274/autonomy_ws/install/s2_basic' in the environment variable AMENT_PREFIX_PATH doesn't exist
[0.325s] WARNING:colcon.colcon_ros.prefix_path.ament:The path '/home/aa274/autonomy_ws/install/autonomy_repo' in the environment variable AMENT_PREFIX_PATH doesn't exist
[0.326s] WARNING:colcon.colcon_ros.prefix_path.catkin:The path '/home/aa274/autonomy_ws/group_1/autonomy_repo/install/autonomy_repo' in the environment variable CMAKE_PREFIX_PATH doesn't exist
[0.326s] WARNING:colcon.colcon_ros.prefix_path.catkin:The path '/home/aa274/autonomy_ws/group_1/install/autonomy_repo' in the environment variable CMAKE_PREFIX_PATH doesn't exist
[0.326s] WARNING:colcon.colcon_ros.prefix_path.catkin:The path '/home/aa274/autonomy_ws/install/s3_basic' in the environment variable CMAKE_PREFIX_PATH doesn't exist
[0.326s] WARNING:colcon.colcon_ros.prefix_path.catkin:The path '/home/aa274/autonomy_ws/install/s2_basic' in the environment variable CMAKE_PREFIX_PATH doesn't exist
[0.326s] WARNING:colcon.colcon_ros.prefix_path.catkin:The path '/home/aa274/autonomy_ws/install/autonomy_repo' in the environment variable CMAKE_PREFIX_PATH doesn't exist
[0.327s] DEBUG:colcon.colcon_installed_package_information.package_discovery:Found 18 installed packages in /home/aa274/tb_ws/install
[0.328s] DEBUG:colcon.colcon_installed_package_information.package_discovery:Found 241 installed packages in /opt/ros/humble
[0.329s] Level 1:colcon.colcon_core.package_discovery:discover_packages(prefix_path) using defaults
[0.362s] Level 5:colcon.colcon_core.verb:set package 'autonomy_repo' build argument 'cmake_args' from command line to '['-DCMAKE_EXPORT_COMPILE_COMMANDS=ON', '-DCMAKE_BUILD_TYPE=RelWithDebInfo']'
[0.362s] Level 5:colcon.colcon_core.verb:set package 'autonomy_repo' build argument 'cmake_target' from command line to 'None'
[0.362s] Level 5:colcon.colcon_core.verb:set package 'autonomy_repo' build argument 'cmake_target_skip_unavailable' from command line to 'False'
[0.362s] Level 5:colcon.colcon_core.verb:set package 'autonomy_repo' build argument 'cmake_clean_cache' from command line to 'False'
[0.362s] Level 5:colcon.colcon_core.verb:set package 'autonomy_repo' build argument 'cmake_clean_first' from command line to 'False'
[0.362s] Level 5:colcon.colcon_core.verb:set package 'autonomy_repo' build argument 'cmake_force_configure' from command line to 'False'
[0.362s] Level 5:colcon.colcon_core.verb:set package 'autonomy_repo' build argument 'ament_cmake_args' from command line to 'None'
[0.362s] Level 5:colcon.colcon_core.verb:set package 'autonomy_repo' build argument 'catkin_cmake_args' from command line to 'None'
[0.362s] Level 5:colcon.colcon_core.verb:set package 'autonomy_repo' build argument 'catkin_skip_building_tests' from command line to 'False'
[0.362s] DEBUG:colcon.colcon_core.verb:Building package 'autonomy_repo' with the following arguments: {'ament_cmake_args': None, 'build_base': '/home/aa274/autonomy_ws/section7_template/autonomy_repo/build/autonomy_repo', 'catkin_cmake_args': None, 'catkin_skip_building_tests': False, 'cmake_args': ['-DCMAKE_EXPORT_COMPILE_COMMANDS=ON', '-DCMAKE_BUILD_TYPE=RelWithDebInfo'], 'cmake_clean_cache': False, 'cmake_clean_first': False, 'cmake_force_configure': False, 'cmake_target': None, 'cmake_target_skip_unavailable': False, 'install_base': '/home/aa274/autonomy_ws/section7_template/autonomy_repo/install/autonomy_repo', 'merge_install': False, 'path': '/home/aa274/autonomy_ws/section7_template/autonomy_repo', 'symlink_install': True, 'test_result_base': None}
[0.362s] INFO:colcon.colcon_core.executor:Executing jobs using 'parallel' executor
[0.363s] DEBUG:colcon.colcon_parallel_executor.executor.parallel:run_until_complete
[0.364s] INFO:colcon.colcon_ros.task.ament_cmake.build:Building ROS package in '/home/aa274/autonomy_ws/section7_template/autonomy_repo' with build type 'ament_cmake'
[0.364s] INFO:colcon.colcon_cmake.task.cmake.build:Building CMake package in '/home/aa274/autonomy_ws/section7_template/autonomy_repo'
[0.366s] INFO:colcon.colcon_core.plugin_system:Skipping extension 'colcon_core.shell.bat': Not used on non-Windows systems
[0.366s] INFO:colcon.colcon_core.shell:Skip shell extension 'powershell' for command environment: Not usable outside of PowerShell
[0.366s] DEBUG:colcon.colcon_core.shell:Skip shell extension 'dsv' for command environment
[0.375s] DEBUG:colcon.colcon_core.event_handler.log_command:Invoking command in '/home/aa274/autonomy_ws/section7_template/autonomy_repo/build/autonomy_repo': CMAKE_PREFIX_PATH=${CMAKE_PREFIX_PATH}:/opt/ros/humble /usr/bin/cmake --build /home/aa274/autonomy_ws/section7_template/autonomy_repo/build/autonomy_repo -- -j8 -l8
[0.629s] DEBUG:colcon.colcon_core.event_handler.log_command:Invoked command in '/home/aa274/autonomy_ws/section7_template/autonomy_repo/build/autonomy_repo' returned '0': CMAKE_PREFIX_PATH=${CMAKE_PREFIX_PATH}:/opt/ros/humble /usr/bin/cmake --build /home/aa274/autonomy_ws/section7_template/autonomy_repo/build/autonomy_repo -- -j8 -l8
[0.655s] DEBUG:colcon.colcon_core.event_handler.log_command:Invoking command in '/home/aa274/autonomy_ws/section7_template/autonomy_repo/build/autonomy_repo': CMAKE_PREFIX_PATH=${CMAKE_PREFIX_PATH}:/opt/ros/humble /usr/bin/cmake --install /home/aa274/autonomy_ws/section7_template/autonomy_repo/build/autonomy_repo
[0.831s] Level 1:colcon.colcon_core.environment:create_environment_scripts_only(autonomy_repo)
[0.832s] DEBUG:colcon.colcon_core.event_handler.log_command:Invoked command in '/home/aa274/autonomy_ws/section7_template/autonomy_repo/build/autonomy_repo' returned '0': CMAKE_PREFIX_PATH=${CMAKE_PREFIX_PATH}:/opt/ros/humble /usr/bin/cmake --install /home/aa274/autonomy_ws/section7_template/autonomy_repo/build/autonomy_repo
[0.834s] Level 1:colcon.colcon_core.environment:checking '/home/aa274/autonomy_ws/section7_template/autonomy_repo/install/autonomy_repo' for CMake module files
[0.834s] Level 1:colcon.colcon_core.environment:checking '/home/aa274/autonomy_ws/section7_template/autonomy_repo/install/autonomy_repo' for CMake config files
[0.835s] Level 1:colcon.colcon_core.shell:create_environment_hook('autonomy_repo', 'cmake_prefix_path')
[0.835s] INFO:colcon.colcon_core.shell:Creating environment hook '/home/aa274/autonomy_ws/section7_template/autonomy_repo/install/autonomy_repo/share/autonomy_repo/hook/cmake_prefix_path.ps1'
[0.835s] INFO:colcon.colcon_core.shell:Creating environment descriptor '/home/aa274/autonomy_ws/section7_template/autonomy_repo/install/autonomy_repo/share/autonomy_repo/hook/cmake_prefix_path.dsv'
[0.836s] INFO:colcon.colcon_core.shell:Creating environment hook '/home/aa274/autonomy_ws/section7_template/autonomy_repo/install/autonomy_repo/share/autonomy_repo/hook/cmake_prefix_path.sh'
[0.836s] Level 1:colcon.colcon_core.environment:checking '/home/aa274/autonomy_ws/section7_template/autonomy_repo/install/autonomy_repo/lib'
[0.837s] Level 1:colcon.colcon_core.environment:checking '/home/aa274/autonomy_ws/section7_template/autonomy_repo/install/autonomy_repo/bin'
[0.837s] Level 1:colcon.colcon_core.environment:checking '/home/aa274/autonomy_ws/section7_template/autonomy_repo/install/autonomy_repo/lib/pkgconfig/autonomy_repo.pc'
[0.837s] Level 1:colcon.colcon_core.environment:checking '/home/aa274/autonomy_ws/section7_template/autonomy_repo/install/autonomy_repo/lib/python3.10/site-packages'
[0.837s] Level 1:colcon.colcon_core.environment:checking '/home/aa274/autonomy_ws/section7_template/autonomy_repo/install/autonomy_repo/bin'
[0.837s] INFO:colcon.colcon_core.shell:Creating package script '/home/aa274/autonomy_ws/section7_template/autonomy_repo/install/autonomy_repo/share/autonomy_repo/package.ps1'
[0.838s] INFO:colcon.colcon_core.shell:Creating package descriptor '/home/aa274/autonomy_ws/section7_template/autonomy_repo/install/autonomy_repo/share/autonomy_repo/package.dsv'
[0.838s] INFO:colcon.colcon_core.shell:Creating package script '/home/aa274/autonomy_ws/section7_template/autonomy_repo/install/autonomy_repo/share/autonomy_repo/package.sh'
[0.839s] INFO:colcon.colcon_core.shell:Creating package script '/home/aa274/autonomy_ws/section7_template/autonomy_repo/install/autonomy_repo/share/autonomy_repo/package.bash'
[0.840s] INFO:colcon.colcon_core.shell:Creating package script '/home/aa274/autonomy_ws/section7_template/autonomy_repo/install/autonomy_repo/share/autonomy_repo/package.zsh'
[0.840s] Level 1:colcon.colcon_core.environment:create_file_with_runtime_dependencies(/home/aa274/autonomy_ws/section7_template/autonomy_repo/install/autonomy_repo/share/colcon-core/packages/autonomy_repo)
[0.858s] Level 1:colcon.colcon_core.environment:create_environment_scripts_only(autonomy_repo)
[0.858s] Level 1:colcon.colcon_core.environment:checking '/home/aa274/autonomy_ws/section7_template/autonomy_repo/install/autonomy_repo' for CMake module files
[0.858s] Level 1:colcon.colcon_core.environment:checking '/home/aa274/autonomy_ws/section7_template/autonomy_repo/install/autonomy_repo' for CMake config files
[0.859s] Level 1:colcon.colcon_core.shell:create_environment_hook('autonomy_repo', 'cmake_prefix_path')
[0.859s] INFO:colcon.colcon_core.shell:Creating environment hook '/home/aa274/autonomy_ws/section7_template/autonomy_repo/install/autonomy_repo/share/autonomy_repo/hook/cmake_prefix_path.ps1'
[0.859s] INFO:colcon.colcon_core.shell:Creating environment descriptor '/home/aa274/autonomy_ws/section7_template/autonomy_repo/install/autonomy_repo/share/autonomy_repo/hook/cmake_prefix_path.dsv'
[0.860s] INFO:colcon.colcon_core.shell:Creating environment hook '/home/aa274/autonomy_ws/section7_template/autonomy_repo/install/autonomy_repo/share/autonomy_repo/hook/cmake_prefix_path.sh'
[0.860s] Level 1:colcon.colcon_core.environment:checking '/home/aa274/autonomy_ws/section7_template/autonomy_repo/install/autonomy_repo/lib'
[0.860s] Level 1:colcon.colcon_core.environment:checking '/home/aa274/autonomy_ws/section7_template/autonomy_repo/install/autonomy_repo/bin'
[0.860s] Level 1:colcon.colcon_core.environment:checking '/home/aa274/autonomy_ws/section7_template/autonomy_repo/install/autonomy_repo/lib/pkgconfig/autonomy_repo.pc'
[0.860s] Level 1:colcon.colcon_core.environment:checking '/home/aa274/autonomy_ws/section7_template/autonomy_repo/install/autonomy_repo/lib/python3.10/site-packages'
[0.861s] Level 1:colcon.colcon_core.environment:checking '/home/aa274/autonomy_ws/section7_template/autonomy_repo/install/autonomy_repo/bin'
[0.861s] INFO:colcon.colcon_core.shell:Creating package script '/home/aa274/autonomy_ws/section7_template/autonomy_repo/install/autonomy_repo/share/autonomy_repo/package.ps1'
[0.861s] INFO:colcon.colcon_core.shell:Creating package descriptor '/home/aa274/autonomy_ws/section7_template/autonomy_repo/install/autonomy_repo/share/autonomy_repo/package.dsv'
[0.862s] INFO:colcon.colcon_core.shell:Creating package script '/home/aa274/autonomy_ws/section7_template/autonomy_repo/install/autonomy_repo/share/autonomy_repo/package.sh'
[0.862s] INFO:colcon.colcon_core.shell:Creating package script '/home/aa274/autonomy_ws/section7_template/autonomy_repo/install/autonomy_repo/share/autonomy_repo/package.bash'
[0.862s] INFO:colcon.colcon_core.shell:Creating package script '/home/aa274/autonomy_ws/section7_template/autonomy_repo/install/autonomy_repo/share/autonomy_repo/package.zsh'
[0.863s] Level 1:colcon.colcon_core.environment:create_file_with_runtime_dependencies(/home/aa274/autonomy_ws/section7_template/autonomy_repo/install/autonomy_repo/share/colcon-core/packages/autonomy_repo)
[0.863s] DEBUG:colcon.colcon_parallel_executor.executor.parallel:closing loop
[0.863s] DEBUG:colcon.colcon_parallel_executor.executor.parallel:loop closed
[0.863s] DEBUG:colcon.colcon_parallel_executor.executor.parallel:run_until_complete finished with '0'
[0.863s] DEBUG:colcon.colcon_core.event_reactor:joining thread
[0.868s] INFO:colcon.colcon_core.plugin_system:Skipping extension 'colcon_notification.desktop_notification.terminal_notifier': Not used on non-Darwin systems
[0.868s] INFO:colcon.colcon_core.plugin_system:Skipping extension 'colcon_notification.desktop_notification.win32': Not used on non-Windows systems
[0.868s] INFO:colcon.colcon_notification.desktop_notification:Sending desktop notification using 'notify2'
[0.879s] DEBUG:colcon.colcon_core.event_reactor:joined thread
[0.880s] INFO:colcon.colcon_core.shell:Creating prefix script '/home/aa274/autonomy_ws/section7_template/autonomy_repo/install/local_setup.ps1'
[0.881s] INFO:colcon.colcon_core.shell:Creating prefix util module '/home/aa274/autonomy_ws/section7_template/autonomy_repo/install/_local_setup_util_ps1.py'
[0.882s] INFO:colcon.colcon_core.shell:Creating prefix chain script '/home/aa274/autonomy_ws/section7_template/autonomy_repo/install/setup.ps1'
[0.884s] INFO:colcon.colcon_core.shell:Creating prefix script '/home/aa274/autonomy_ws/section7_template/autonomy_repo/install/local_setup.sh'
[0.884s] INFO:colcon.colcon_core.shell:Creating prefix util module '/home/aa274/autonomy_ws/section7_template/autonomy_repo/install/_local_setup_util_sh.py'
[0.885s] INFO:colcon.colcon_core.shell:Creating prefix chain script '/home/aa274/autonomy_ws/section7_template/autonomy_repo/install/setup.sh'
[0.886s] INFO:colcon.colcon_core.shell:Creating prefix script '/home/aa274/autonomy_ws/section7_template/autonomy_repo/install/local_setup.bash'
[0.887s] INFO:colcon.colcon_core.shell:Creating prefix chain script '/home/aa274/autonomy_ws/section7_template/autonomy_repo/install/setup.bash'
[0.888s] INFO:colcon.colcon_core.shell:Creating prefix script '/home/aa274/autonomy_ws/section7_template/autonomy_repo/install/local_setup.zsh'
[0.888s] INFO:colcon.colcon_core.shell:Creating prefix chain script '/home/aa274/autonomy_ws/section7_template/autonomy_repo/install/setup.zsh'
