[0.037s] Invoking command in '/home/aa274/autonomy_ws/section7_template/autonomy_repo/build/autonomy_repo': CMAKE_PREFIX_PATH=${CMAKE_PREFIX_PATH}:/opt/ros/humble /usr/bin/cmake --build /home/aa274/autonomy_ws/section7_template/autonomy_repo/build/autonomy_repo -- -j8 -l8
[0.129s] Invoked command in '/home/aa274/autonomy_ws/section7_template/autonomy_repo/build/autonomy_repo' returned '0': CMAKE_PREFIX_PATH=${CMAKE_PREFIX_PATH}:/opt/ros/humble /usr/bin/cmake --build /home/aa274/autonomy_ws/section7_template/autonomy_repo/build/autonomy_repo -- -j8 -l8
[0.201s] Invoking command in '/home/aa274/autonomy_ws/section7_template/autonomy_repo/build/autonomy_repo': CMAKE_PREFIX_PATH=${CMAKE_PREFIX_PATH}:/opt/ros/humble /usr/bin/cmake --install /home/aa274/autonomy_ws/section7_template/autonomy_repo/build/autonomy_repo
[0.219s] -- Install configuration: "RelWithDebInfo"
[0.220s] -- Execute custom install script
[0.220s] -- Up-to-date symlink: /home/aa274/autonomy_ws/section7_template/autonomy_repo/install/autonomy_repo/lib/autonomy_repo/navigator.py
[0.220s] -- Up-to-date symlink: /home/aa274/autonomy_ws/section7_template/autonomy_repo/install/autonomy_repo/lib/autonomy_repo/frontier_explorer.py
[0.221s] -- Up-to-date symlink: /home/aa274/autonomy_ws/section7_template/autonomy_repo/install/autonomy_repo/share/autonomy_repo/launch/frontier_explorer.launch.py
[0.222s] -- Up-to-date symlink: /home/aa274/autonomy_ws/section7_template/autonomy_repo/install/autonomy_repo/share/autonomy_repo/launch/heading_control.launch.py
[0.224s] -- Up-to-date symlink: /home/aa274/autonomy_ws/section7_template/autonomy_repo/install/autonomy_repo/share/autonomy_repo/launch/navigator.launch.py
[0.224s] -- Up-to-date symlink: /home/aa274/autonomy_ws/section7_template/autonomy_repo/install/autonomy_repo/share/autonomy_repo/launch/perception_controller.launch.py
[0.225s] -- Up-to-date symlink: /home/aa274/autonomy_ws/section7_template/autonomy_repo/install/autonomy_repo/share/autonomy_repo/rviz/default.rviz
[0.227s] -- Up-to-date symlink: /home/aa274/autonomy_ws/section7_template/autonomy_repo/install/autonomy_repo/share/ament_index/resource_index/package_run_dependencies/autonomy_repo
[0.228s] -- Up-to-date symlink: /home/aa274/autonomy_ws/section7_template/autonomy_repo/install/autonomy_repo/share/ament_index/resource_index/parent_prefix_path/autonomy_repo
[0.229s] -- Up-to-date symlink: /home/aa274/autonomy_ws/section7_template/autonomy_repo/install/autonomy_repo/share/autonomy_repo/environment/ament_prefix_path.sh
[0.229s] -- Up-to-date symlink: /home/aa274/autonomy_ws/section7_template/autonomy_repo/install/autonomy_repo/share/autonomy_repo/environment/ament_prefix_path.dsv
[0.229s] -- Up-to-date symlink: /home/aa274/autonomy_ws/section7_template/autonomy_repo/install/autonomy_repo/share/autonomy_repo/environment/path.sh
[0.230s] -- Up-to-date symlink: /home/aa274/autonomy_ws/section7_template/autonomy_repo/install/autonomy_repo/share/autonomy_repo/environment/path.dsv
[0.230s] -- Up-to-date symlink: /home/aa274/autonomy_ws/section7_template/autonomy_repo/install/autonomy_repo/share/autonomy_repo/local_setup.bash
[0.231s] -- Up-to-date symlink: /home/aa274/autonomy_ws/section7_template/autonomy_repo/install/autonomy_repo/share/autonomy_repo/local_setup.sh
[0.231s] -- Up-to-date symlink: /home/aa274/autonomy_ws/section7_template/autonomy_repo/install/autonomy_repo/share/autonomy_repo/local_setup.zsh
[0.231s] -- Up-to-date symlink: /home/aa274/autonomy_ws/section7_template/autonomy_repo/install/autonomy_repo/share/autonomy_repo/local_setup.dsv
[0.232s] -- Symlinking: /home/aa274/autonomy_ws/section7_template/autonomy_repo/install/autonomy_repo/share/autonomy_repo/package.dsv
[0.254s] -- Up-to-date symlink: /home/aa274/autonomy_ws/section7_template/autonomy_repo/install/autonomy_repo/share/ament_index/resource_index/packages/autonomy_repo
[0.255s] -- Up-to-date symlink: /home/aa274/autonomy_ws/section7_template/autonomy_repo/install/autonomy_repo/share/autonomy_repo/cmake/autonomy_repoConfig.cmake
[0.255s] -- Up-to-date symlink: /home/aa274/autonomy_ws/section7_template/autonomy_repo/install/autonomy_repo/share/autonomy_repo/cmake/autonomy_repoConfig-version.cmake
[0.255s] -- Up-to-date symlink: /home/aa274/autonomy_ws/section7_template/autonomy_repo/install/autonomy_repo/share/autonomy_repo/package.xml
[0.264s] Invoked command in '/home/aa274/autonomy_ws/section7_template/autonomy_repo/build/autonomy_repo' returned '0': CMAKE_PREFIX_PATH=${CMAKE_PREFIX_PATH}:/opt/ros/humble /usr/bin/cmake --install /home/aa274/autonomy_ws/section7_template/autonomy_repo/build/autonomy_repo
