[0.056s] Invoking command in '/home/aa274/autonomy_ws/section7_template/autonomy_repo/build/autonomy_repo': CMAKE_PREFIX_PATH=${CMAKE_PREFIX_PATH}:/opt/ros/humble /usr/bin/cmake --build /home/aa274/autonomy_ws/section7_template/autonomy_repo/build/autonomy_repo -- -j8 -l8
[0.253s] Invoked command in '/home/aa274/autonomy_ws/section7_template/autonomy_repo/build/autonomy_repo' returned '0': CMAKE_PREFIX_PATH=${CMAKE_PREFIX_PATH}:/opt/ros/humble /usr/bin/cmake --build /home/aa274/autonomy_ws/section7_template/autonomy_repo/build/autonomy_repo -- -j8 -l8
[0.398s] Invoking command in '/home/aa274/autonomy_ws/section7_template/autonomy_repo/build/autonomy_repo': CMAKE_PREFIX_PATH=${CMAKE_PREFIX_PATH}:/opt/ros/humble /usr/bin/cmake --install /home/aa274/autonomy_ws/section7_template/autonomy_repo/build/autonomy_repo
[0.429s] -- Install configuration: "RelWithDebInfo"
[0.429s] -- Execute custom install script
[0.430s] -- Up-to-date symlink: /home/aa274/autonomy_ws/section7_template/autonomy_repo/install/autonomy_repo/lib/autonomy_repo/navigator.py
[0.431s] -- Up-to-date symlink: /home/aa274/autonomy_ws/section7_template/autonomy_repo/install/autonomy_repo/lib/autonomy_repo/frontier_explorer.py
[0.432s] -- Up-to-date symlink: /home/aa274/autonomy_ws/section7_template/autonomy_repo/install/autonomy_repo/share/autonomy_repo/launch/frontier_explorer.launch.py
[0.433s] -- Up-to-date symlink: /home/aa274/autonomy_ws/section7_template/autonomy_repo/install/autonomy_repo/share/autonomy_repo/launch/heading_control.launch.py
[0.434s] -- Up-to-date symlink: /home/aa274/autonomy_ws/section7_template/autonomy_repo/install/autonomy_repo/share/autonomy_repo/launch/navigator.launch.py
[0.435s] -- Up-to-date symlink: /home/aa274/autonomy_ws/section7_template/autonomy_repo/install/autonomy_repo/share/autonomy_repo/launch/perception_controller.launch.py
[0.436s] -- Up-to-date symlink: /home/aa274/autonomy_ws/section7_template/autonomy_repo/install/autonomy_repo/share/autonomy_repo/rviz/default.rviz
[0.436s] -- Up-to-date symlink: /home/aa274/autonomy_ws/section7_template/autonomy_repo/install/autonomy_repo/share/ament_index/resource_index/package_run_dependencies/autonomy_repo
[0.437s] -- Up-to-date symlink: /home/aa274/autonomy_ws/section7_template/autonomy_repo/install/autonomy_repo/share/ament_index/resource_index/parent_prefix_path/autonomy_repo
[0.438s] -- Up-to-date symlink: /home/aa274/autonomy_ws/section7_template/autonomy_repo/install/autonomy_repo/share/autonomy_repo/environment/ament_prefix_path.sh
[0.439s] -- Up-to-date symlink: /home/aa274/autonomy_ws/section7_template/autonomy_repo/install/autonomy_repo/share/autonomy_repo/environment/ament_prefix_path.dsv
[0.442s] -- Up-to-date symlink: /home/aa274/autonomy_ws/section7_template/autonomy_repo/install/autonomy_repo/share/autonomy_repo/environment/path.sh
[0.443s] -- Up-to-date symlink: /home/aa274/autonomy_ws/section7_template/autonomy_repo/install/autonomy_repo/share/autonomy_repo/environment/path.dsv
[0.444s] -- Up-to-date symlink: /home/aa274/autonomy_ws/section7_template/autonomy_repo/install/autonomy_repo/share/autonomy_repo/local_setup.bash
[0.445s] -- Up-to-date symlink: /home/aa274/autonomy_ws/section7_template/autonomy_repo/install/autonomy_repo/share/autonomy_repo/local_setup.sh
[0.445s] -- Up-to-date symlink: /home/aa274/autonomy_ws/section7_template/autonomy_repo/install/autonomy_repo/share/autonomy_repo/local_setup.zsh
[0.445s] -- Up-to-date symlink: /home/aa274/autonomy_ws/section7_template/autonomy_repo/install/autonomy_repo/share/autonomy_repo/local_setup.dsv
[0.446s] -- Symlinking: /home/aa274/autonomy_ws/section7_template/autonomy_repo/install/autonomy_repo/share/autonomy_repo/package.dsv
[0.486s] -- Up-to-date symlink: /home/aa274/autonomy_ws/section7_template/autonomy_repo/install/autonomy_repo/share/ament_index/resource_index/packages/autonomy_repo
[0.487s] -- Up-to-date symlink: /home/aa274/autonomy_ws/section7_template/autonomy_repo/install/autonomy_repo/share/autonomy_repo/cmake/autonomy_repoConfig.cmake
[0.487s] -- Up-to-date symlink: /home/aa274/autonomy_ws/section7_template/autonomy_repo/install/autonomy_repo/share/autonomy_repo/cmake/autonomy_repoConfig-version.cmake
[0.492s] -- Up-to-date symlink: /home/aa274/autonomy_ws/section7_template/autonomy_repo/install/autonomy_repo/share/autonomy_repo/package.xml
[0.500s] Invoked command in '/home/aa274/autonomy_ws/section7_template/autonomy_repo/build/autonomy_repo' returned '0': CMAKE_PREFIX_PATH=${CMAKE_PREFIX_PATH}:/opt/ros/humble /usr/bin/cmake --install /home/aa274/autonomy_ws/section7_template/autonomy_repo/build/autonomy_repo
